SF:lib\main.dart
DA:9,0
DA:10,0
DA:14,2
DA:16,1
DA:18,1
DA:21,1
DA:30,1
DA:32,0
DA:33,0
DA:47,0
DA:48,0
DA:49,0
DA:53,0
DA:55,0
DA:56,0
DA:57,0
DA:61,0
DA:62,0
LF:18
LH:5
end_of_record
SF:lib\auth\login.dart
DA:5,1
DA:7,1
DA:8,1
DA:15,1
DA:17,2
DA:18,1
DA:21,1
DA:23,1
DA:24,1
DA:25,1
DA:26,1
DA:28,1
DA:31,1
DA:35,1
DA:36,1
DA:41,1
DA:43,1
DA:44,1
DA:45,1
DA:46,1
DA:51,1
DA:52,1
DA:53,1
DA:55,1
DA:56,1
DA:66,0
DA:67,0
DA:70,0
DA:81,1
DA:82,1
DA:84,1
DA:85,0
DA:86,0
DA:87,0
DA:89,0
DA:90,0
DA:91,0
LF:37
LH:28
end_of_record
SF:lib\auth\otp.dart
DA:6,0
DA:8,0
DA:9,0
DA:16,0
DA:18,0
DA:19,0
DA:22,0
DA:23,0
DA:24,0
DA:25,0
DA:26,0
DA:27,0
DA:28,0
DA:29,0
DA:33,0
DA:34,0
DA:42,0
DA:43,0
DA:51,0
DA:53,0
DA:54,0
DA:55,0
DA:56,0
DA:58,0
DA:59,0
DA:62,0
DA:64,0
DA:66,0
DA:67,0
DA:68,0
DA:69,0
DA:75,0
DA:76,0
DA:77,0
DA:84,0
DA:85,0
DA:86,0
DA:88,0
DA:89,0
DA:99,0
DA:100,0
DA:103,0
DA:111,0
DA:113,0
DA:114,0
LF:45
LH:0
end_of_record
SF:lib\dashboard\explore.dart
DA:5,1
DA:7,0
DA:9,0
DA:10,0
DA:13,0
DA:15,0
DA:16,0
DA:18,0
DA:19,0
DA:21,0
DA:22,0
DA:24,0
DA:35,1
DA:37,0
DA:39,0
DA:48,0
DA:50,0
DA:53,0
DA:54,0
DA:55,0
DA:57,0
DA:58,0
DA:59,0
DA:60,0
DA:71,0
DA:73,0
DA:75,0
DA:83,0
DA:91,0
DA:93,0
DA:95,0
DA:97,0
DA:98,0
DA:100,0
DA:101,0
DA:102,0
DA:104,0
DA:108,0
DA:109,0
DA:110,0
DA:113,0
DA:114,0
DA:122,0
DA:124,0
DA:126,0
DA:127,0
DA:128,0
DA:135,0
DA:136,0
DA:137,0
DA:138,0
DA:143,0
DA:144,0
DA:147,0
DA:149,0
DA:150,0
LF:56
LH:2
end_of_record
SF:lib\dashboard\search_bar.dart
DA:5,1
DA:7,0
DA:9,0
DA:10,0
DA:11,0
DA:14,0
DA:17,0
DA:19,0
DA:20,0
DA:21,0
LF:10
LH:1
end_of_record
SF:lib\dashboard\inbox.dart
DA:4,1
DA:6,0
DA:8,0
DA:9,0
LF:4
LH:1
end_of_record
SF:lib\dashboard\profile.dart
DA:4,1
DA:6,0
DA:8,0
DA:9,0
LF:4
LH:1
end_of_record
SF:lib\dashboard\search_bottom_sheet.dart
DA:4,1
DA:6,0
DA:8,0
DA:12,0
DA:13,0
DA:14,0
DA:15,0
DA:18,0
DA:34,0
DA:35,0
DA:51,1
DA:57,0
DA:59,0
DA:61,0
DA:62,0
DA:63,0
DA:65,0
DA:66,0
DA:67,0
DA:69,0
DA:70,0
DA:72,0
DA:73,0
DA:74,0
DA:81,0
DA:82,0
DA:83,0
DA:84,0
LF:28
LH:2
end_of_record
SF:lib\dashboard\trips.dart
DA:4,1
DA:6,0
DA:8,0
DA:9,0
LF:4
LH:1
end_of_record
SF:lib\dashboard\wishlist.dart
DA:4,1
DA:6,0
DA:9,0
DA:10,0
LF:4
LH:1
end_of_record
